#-----------------------------------------------------------
# Vivado v2014.4_63036 (64-bit)
# SW Build 1071353 on Tue Nov 18 18:29:27 MST 2014
# IP Build 1070531 on Tue Nov 18 01:10:18 MST 2014
# Start of session at: Fri Jun 21 11:01:04 2019
# Process ID: 5384
# Log file: D:/2014104101/Termproj/vivado.log
# Journal file: D:/2014104101/Termproj\vivado.jou
#-----------------------------------------------------------
start_gui
open_project D:/2014104101/Termproj/Termproj.xpr
Scanning sources...
Finished scanning sources
INFO: [IP_Flow 19-234] Refreshing IP repositories
INFO: [IP_Flow 19-1700] Loaded user IP repository 'd:/2014104101/ip_repo'.
INFO: [IP_Flow 19-2313] Loaded Vivado IP repository 'C:/Xilinx/Vivado/2014.4/data/ip'.
open_project: Time (s): cpu = 00:00:18 ; elapsed = 00:00:08 . Memory (MB): peak = 810.117 ; gain = 228.438
open_bd_design {D:/2014104101/Termproj/Termproj.srcs/sources_1/bd/system/system.bd}
Adding component instance block -- xilinx.com:ip:processing_system7:5.5 - processing_system7_0
Adding component instance block -- xilinx.com:user:seven_seg:1.0 - seven_seg_0
Adding component instance block -- xilinx.com:user:textlcd:1.0 - textlcd_0
Adding component instance block -- xilinx.com:user:pushbutton:1.0 - pushbutton_0
Adding component instance block -- xilinx.com:user:pwm_gen:2.0 - pwm_gen_0
Adding component instance block -- xilinx.com:ip:xlconcat:2.1 - xlconcat_0
Adding component instance block -- xilinx.com:ip:proc_sys_reset:5.0 - rst_processing_system7_0_50M
Adding component instance block -- xilinx.com:ip:axi_crossbar:2.1 - xbar
Adding component instance block -- xilinx.com:ip:axi_protocol_converter:2.1 - auto_pc
Successfully read diagram <system> from BD file <D:/2014104101/Termproj/Termproj.srcs/sources_1/bd/system/system.bd>
open_bd_design: Time (s): cpu = 00:00:07 ; elapsed = 00:00:06 . Memory (MB): peak = 810.117 ; gain = 0.000
launch_sdk -workspace D:/2014104101/Termproj/Termproj.sdk -hwspec D:/2014104101/Termproj/Termproj.sdk/system_wrapper.hdf
INFO: [Vivado 12-393] Launching SDK...
INFO: [Vivado 12-417] Running xsdk -workspace D:/2014104101/Termproj/Termproj.sdk -hwspec D:/2014104101/Termproj/Termproj.sdk/system_wrapper.hdf
INFO: [Vivado 12-3157] SDK launch initiated. Please check console for any further messages.
exit
INFO: [Common 17-206] Exiting Vivado at Fri Jun 21 15:53:42 2019...
