Copyright 1986-2014 Xilinx, Inc. All Rights Reserved.
-------------------------------------------------------------------------------------------
| Tool Version : Vivado v.2014.4_63036 (win64) Build 1071353 Tue Nov 18 18:29:27 MST 2014
| Date         : Thu Jun 20 18:25:18 2019
| Host         : PC-12 running 64-bit Service Pack 1  (build 7601)
| Command      : report_control_sets -verbose -file system_wrapper_control_sets_placed.rpt
| Design       : system_wrapper
| Device       : xc7z020
-------------------------------------------------------------------------------------------

Control Set Information

Table of Contents
-----------------
1. Summary
2. Flip-Flop Distribution
3. Detailed Control Set Information

1. Summary
----------

+-------------------------------------------------------------------+-------+
|                               Status                              | Count |
+-------------------------------------------------------------------+-------+
| Number of unique control sets                                     |    48 |
| Minimum Number of register sites lost to control set restrictions |   107 |
+-------------------------------------------------------------------+-------+


2. Flip-Flop Distribution
-------------------------

+--------------+-----------------------+------------------------+-----------------+--------------+
| Clock Enable | Synchronous Set/Reset | Asynchronous Set/Reset | Total Registers | Total Slices |
+--------------+-----------------------+------------------------+-----------------+--------------+
| No           | No                    | No                     |             142 |           51 |
| No           | No                    | Yes                    |              60 |           18 |
| No           | Yes                   | No                     |             768 |          198 |
| Yes          | No                    | No                     |             432 |          115 |
| Yes          | No                    | Yes                    |              18 |            7 |
| Yes          | Yes                   | No                     |             169 |           85 |
+--------------+-----------------------+------------------------+-----------------+--------------+


3. Detailed Control Set Information
-----------------------------------

+-----------------------------------------------+----------------------------------------------------------------------------------------------------------------------------------------------+-----------------------------------------------------------------------------------------------------------------------------------------+------------------+----------------+
|                  Clock Signal                 |                                                                 Enable Signal                                                                |                                                             Set/Reset Signal                                                            | Slice Load Count | Bel Load Count |
+-----------------------------------------------+----------------------------------------------------------------------------------------------------------------------------------------------+-----------------------------------------------------------------------------------------------------------------------------------------+------------------+----------------+
|  system_i/processing_system7_0/inst/FCLK_CLK0 | system_i/processing_system7_0_axi_periph/s00_couplers/auto_pc/inst/gen_axilite.gen_b2s_conv.axilite_b2s/WR.b_channel_0/bid_fifo_0/bresp_push |                                                                                                                                         |                1 |              2 |
|  clk_IBUF_BUFG                                | system_i/textlcd_0/inst/textlcd_v1_0_S00_AXI_inst/TL1/n_0_lcd_mode[3]_i_1                                                                    | system_i/textlcd_0/inst/textlcd_v1_0_S00_AXI_inst/TL1/n_0_lcd_en_i_2                                                                    |                2 |              4 |
|  system_i/processing_system7_0/inst/FCLK_CLK0 | system_i/processing_system7_0_axi_periph/s00_couplers/auto_pc/inst/gen_axilite.gen_b2s_conv.axilite_b2s/RD.ar_channel_0/ar_cmd_fsm_0/O14[0]  |                                                                                                                                         |                2 |              4 |
|  system_i/processing_system7_0/inst/FCLK_CLK0 | system_i/processing_system7_0_axi_periph/s00_couplers/auto_pc/inst/gen_axilite.gen_b2s_conv.axilite_b2s/RD.ar_channel_0/ar_cmd_fsm_0/O12     |                                                                                                                                         |                4 |              4 |
|  system_i/processing_system7_0/inst/FCLK_CLK0 | system_i/processing_system7_0_axi_periph/s00_couplers/auto_pc/inst/gen_axilite.gen_b2s_conv.axilite_b2s/RD.ar_channel_0/ar_cmd_fsm_0/O12     | system_i/processing_system7_0_axi_periph/s00_couplers/auto_pc/inst/gen_axilite.gen_b2s_conv.axilite_b2s/RD.ar_channel_0/ar_cmd_fsm_0/O3 |                2 |              4 |
|  system_i/processing_system7_0/inst/FCLK_CLK0 | system_i/processing_system7_0_axi_periph/s00_couplers/auto_pc/inst/gen_axilite.gen_b2s_conv.axilite_b2s/WR.aw_channel_0/aw_cmd_fsm_0/O11[0]  |                                                                                                                                         |                2 |              4 |
|  system_i/processing_system7_0/inst/FCLK_CLK0 | system_i/processing_system7_0_axi_periph/s00_couplers/auto_pc/inst/gen_axilite.gen_b2s_conv.axilite_b2s/WR.aw_channel_0/aw_cmd_fsm_0/O13     | system_i/processing_system7_0_axi_periph/s00_couplers/auto_pc/inst/gen_axilite.gen_b2s_conv.axilite_b2s/WR.aw_channel_0/aw_cmd_fsm_0/O1 |                1 |              4 |
|  system_i/processing_system7_0/inst/FCLK_CLK0 | system_i/processing_system7_0_axi_periph/s00_couplers/auto_pc/inst/gen_axilite.gen_b2s_conv.axilite_b2s/WR.aw_channel_0/aw_cmd_fsm_0/O13     |                                                                                                                                         |                1 |              4 |
|  system_i/processing_system7_0/inst/FCLK_CLK0 |                                                                                                                                              | system_i/rst_processing_system7_0_50M/U0/EXT_LPF/lpf_int                                                                                |                3 |              5 |
|  system_i/processing_system7_0/inst/FCLK_CLK0 | system_i/rst_processing_system7_0_50M/U0/SEQ/seq_cnt_en                                                                                      | system_i/rst_processing_system7_0_50M/U0/SEQ/SEQ_COUNTER/clear                                                                          |                1 |              6 |
|  clk_IBUF_BUFG                                | system_i/textlcd_0/inst/textlcd_v1_0_S00_AXI_inst/TL1/n_0_count_mode[5]_i_1                                                                  | system_i/textlcd_0/inst/textlcd_v1_0_S00_AXI_inst/TL1/n_0_lcd_en_i_2                                                                    |                3 |              6 |
|  system_i/processing_system7_0/inst/FCLK_CLK0 |                                                                                                                                              | system_i/processing_system7_0_axi_periph/s00_couplers/auto_pc/inst/gen_axilite.gen_b2s_conv.axilite_b2s/SI_REG/ar_pipe/SR[0]            |                4 |              8 |
|  system_i/processing_system7_0/inst/FCLK_CLK0 | system_i/processing_system7_0_axi_periph/s00_couplers/auto_pc/inst/gen_axilite.gen_b2s_conv.axilite_b2s/RD.ar_channel_0/ar_cmd_fsm_0/E[0]    |                                                                                                                                         |                5 |              8 |
|  system_i/processing_system7_0/inst/FCLK_CLK0 | system_i/processing_system7_0_axi_periph/s00_couplers/auto_pc/inst/gen_axilite.gen_b2s_conv.axilite_b2s/WR.b_channel_0/mhandshake_r          | system_i/processing_system7_0_axi_periph/s00_couplers/auto_pc/inst/gen_axilite.gen_b2s_conv.axilite_b2s/WR.b_channel_0/bid_fifo_0/SR[0] |                2 |              8 |
|  system_i/processing_system7_0/inst/FCLK_CLK0 | system_i/processing_system7_0_axi_periph/s00_couplers/auto_pc/inst/gen_axilite.gen_b2s_conv.axilite_b2s/RD.ar_channel_0/ar_cmd_fsm_0/O13[0]  |                                                                                                                                         |                3 |              8 |
|  system_i/processing_system7_0/inst/FCLK_CLK0 | system_i/processing_system7_0_axi_periph/s00_couplers/auto_pc/inst/gen_axilite.gen_b2s_conv.axilite_b2s/WR.aw_channel_0/aw_cmd_fsm_0/O12[0]  |                                                                                                                                         |                3 |              8 |
|  system_i/processing_system7_0/inst/FCLK_CLK0 | system_i/processing_system7_0_axi_periph/s00_couplers/auto_pc/inst/gen_axilite.gen_b2s_conv.axilite_b2s/RD.ar_channel_0/ar_cmd_fsm_0/O16     |                                                                                                                                         |                2 |              8 |
|  system_i/processing_system7_0/inst/FCLK_CLK0 | system_i/processing_system7_0_axi_periph/s00_couplers/auto_pc/inst/gen_axilite.gen_b2s_conv.axilite_b2s/WR.aw_channel_0/aw_cmd_fsm_0/E[0]    |                                                                                                                                         |                3 |              8 |
|  system_i/processing_system7_0/inst/FCLK_CLK0 | system_i/processing_system7_0_axi_periph/s00_couplers/auto_pc/inst/gen_axilite.gen_b2s_conv.axilite_b2s/WR.aw_channel_0/aw_cmd_fsm_0/O14     |                                                                                                                                         |                2 |              8 |
|  clk_IBUF_BUFG                                | system_i/seven_seg_0/inst/seven_seg_v1_0_S00_AXI_inst/SS1/n_0_seg_en[7]_i_1                                                                  | system_i/seven_seg_0/inst/seven_seg_v1_0_S00_AXI_inst/SS1/n_0_seg_en[7]_i_2                                                             |                2 |              8 |
|  clk_IBUF_BUFG                                |                                                                                                                                              | system_i/textlcd_0/inst/textlcd_v1_0_S00_AXI_inst/TL1/n_0_lcd_en_i_2                                                                    |                4 |             12 |
|  system_i/processing_system7_0/inst/FCLK_CLK0 |                                                                                                                                              | system_i/processing_system7_0_axi_periph/xbar/inst/gen_sasd.crossbar_sasd_0/addr_arbiter_inst/SR[0]                                     |                5 |             12 |
|  system_i/processing_system7_0/inst/FCLK_CLK0 | system_i/processing_system7_0_axi_periph/s00_couplers/auto_pc/inst/gen_axilite.gen_b2s_conv.axilite_b2s/RD.r_channel_0/r_push_r              |                                                                                                                                         |                4 |             13 |
|  system_i/processing_system7_0/inst/FCLK_CLK0 | system_i/processing_system7_0_axi_periph/s00_couplers/auto_pc/inst/gen_axilite.gen_b2s_conv.axilite_b2s/SI_REG/b_pipe/O2                     |                                                                                                                                         |                3 |             14 |
|  system_i/processing_system7_0/inst/FCLK_CLK0 | system_i/processing_system7_0_axi_periph/s00_couplers/auto_pc/inst/gen_axilite.gen_b2s_conv.axilite_b2s/SI_REG/b_pipe/p_1_in                 |                                                                                                                                         |                3 |             14 |
|  clk_IBUF_BUFG                                |                                                                                                                                              | system_i/seven_seg_0/inst/seven_seg_v1_0_S00_AXI_inst/SS1/n_0_seg_en[7]_i_2                                                             |                5 |             15 |
|  system_i/processing_system7_0/inst/FCLK_CLK0 | system_i/processing_system7_0_axi_periph/xbar/inst/gen_sasd.crossbar_sasd_0/addr_arbiter_inst/p_0_in1_in                                     | system_i/processing_system7_0_axi_periph/xbar/inst/gen_sasd.crossbar_sasd_0/addr_arbiter_inst/SR[0]                                     |                8 |             19 |
|  system_i/processing_system7_0/inst/FCLK_CLK0 | system_i/processing_system7_0_axi_periph/s00_couplers/auto_pc/inst/gen_axilite.gen_b2s_conv.axilite_b2s/WR.aw_channel_0/aw_cmd_fsm_0/O2      |                                                                                                                                         |                4 |             20 |
|  system_i/processing_system7_0/inst/FCLK_CLK0 | system_i/pwm_gen_0/inst/pwm_gen_v2_0_S00_AXI_inst/slv_reg_rden                                                                               | system_i/pwm_gen_0/inst/pwm_gen_v2_0_S00_AXI_inst/n_0_axi_awready_i_1                                                                   |               15 |             32 |
|  system_i/processing_system7_0/inst/FCLK_CLK0 | system_i/seven_seg_0/inst/seven_seg_v1_0_S00_AXI_inst/slv_reg_rden                                                                           | system_i/seven_seg_0/inst/seven_seg_v1_0_S00_AXI_inst/n_0_axi_awready_i_1                                                               |               15 |             32 |
|  system_i/processing_system7_0/inst/FCLK_CLK0 | system_i/pushbutton_0/inst/pushbutton_v1_0_S00_AXI_inst/slv_reg_rden                                                                         | system_i/pushbutton_0/inst/pushbutton_v1_0_S00_AXI_inst/p_0_in                                                                          |               15 |             32 |
|  system_i/processing_system7_0/inst/FCLK_CLK0 | system_i/textlcd_0/inst/textlcd_v1_0_S00_AXI_inst/slv_reg_rden                                                                               | system_i/textlcd_0/inst/textlcd_v1_0_S00_AXI_inst/n_0_axi_awready_i_1                                                                   |               26 |             32 |
|  clk_IBUF_BUFG                                |                                                                                                                                              | system_i/pwm_gen_0/inst/pwm_gen_v2_0_S00_AXI_inst/PG2/n_0_pwm_i_2                                                                       |                9 |             33 |
|  system_i/processing_system7_0/inst/FCLK_CLK0 | system_i/processing_system7_0_axi_periph/s00_couplers/auto_pc/inst/gen_axilite.gen_b2s_conv.axilite_b2s/RD.r_channel_0/rd_data_fifo_0/wr_en0 |                                                                                                                                         |                9 |             34 |
|  system_i/processing_system7_0/inst/FCLK_CLK0 | system_i/processing_system7_0_axi_periph/xbar/inst/gen_sasd.crossbar_sasd_0/addr_arbiter_inst/E[0]                                           |                                                                                                                                         |                8 |             35 |
|  system_i/processing_system7_0/inst/FCLK_CLK0 | system_i/processing_system7_0_axi_periph/xbar/inst/gen_sasd.crossbar_sasd_0/reg_slice_r/aa_rready                                            |                                                                                                                                         |                9 |             35 |
|  system_i/processing_system7_0/inst/FCLK_CLK0 | system_i/processing_system7_0_axi_periph/s00_couplers/auto_pc/inst/gen_axilite.gen_b2s_conv.axilite_b2s/SI_REG/aw_pipe/O2                    |                                                                                                                                         |               13 |             44 |
|  system_i/processing_system7_0/inst/FCLK_CLK0 | system_i/processing_system7_0_axi_periph/s00_couplers/auto_pc/inst/gen_axilite.gen_b2s_conv.axilite_b2s/WR.aw_channel_0/aw_cmd_fsm_0/O15[0]  |                                                                                                                                         |               12 |             44 |
|  system_i/processing_system7_0/inst/FCLK_CLK0 | system_i/processing_system7_0_axi_periph/s00_couplers/auto_pc/inst/gen_axilite.gen_b2s_conv.axilite_b2s/RD.ar_channel_0/ar_cmd_fsm_0/O17[0]  |                                                                                                                                         |               12 |             44 |
|  system_i/processing_system7_0/inst/FCLK_CLK0 | system_i/processing_system7_0_axi_periph/s00_couplers/auto_pc/inst/gen_axilite.gen_b2s_conv.axilite_b2s/SI_REG/ar_pipe/O2                    |                                                                                                                                         |               12 |             44 |
|  system_i/processing_system7_0/inst/FCLK_CLK0 | system_i/processing_system7_0_axi_periph/s00_couplers/auto_pc/inst/gen_axilite.gen_b2s_conv.axilite_b2s/SI_REG/r_pipe/p_1_in                 |                                                                                                                                         |                9 |             47 |
|  system_i/processing_system7_0/inst/FCLK_CLK0 | system_i/processing_system7_0_axi_periph/s00_couplers/auto_pc/inst/gen_axilite.gen_b2s_conv.axilite_b2s/SI_REG/r_pipe/O2                     |                                                                                                                                         |                7 |             47 |
|  system_i/processing_system7_0/inst/FCLK_CLK0 |                                                                                                                                              | system_i/processing_system7_0_axi_periph/s00_couplers/auto_pc/inst/gen_axilite.gen_b2s_conv.axilite_b2s/areset_d1                       |               18 |             73 |
|  system_i/processing_system7_0/inst/FCLK_CLK0 |                                                                                                                                              | system_i/seven_seg_0/inst/seven_seg_v1_0_S00_AXI_inst/n_0_axi_awready_i_1                                                               |               42 |            135 |
|  system_i/processing_system7_0/inst/FCLK_CLK0 |                                                                                                                                              | system_i/pwm_gen_0/inst/pwm_gen_v2_0_S00_AXI_inst/n_0_axi_awready_i_1                                                                   |               43 |            135 |
|  system_i/processing_system7_0/inst/FCLK_CLK0 |                                                                                                                                              | system_i/pushbutton_0/inst/pushbutton_v1_0_S00_AXI_inst/p_0_in                                                                          |               25 |            135 |
|  system_i/processing_system7_0/inst/FCLK_CLK0 |                                                                                                                                              |                                                                                                                                         |               52 |            143 |
|  system_i/processing_system7_0/inst/FCLK_CLK0 |                                                                                                                                              | system_i/textlcd_0/inst/textlcd_v1_0_S00_AXI_inst/n_0_axi_awready_i_1                                                                   |               58 |            265 |
+-----------------------------------------------+----------------------------------------------------------------------------------------------------------------------------------------------+-----------------------------------------------------------------------------------------------------------------------------------------+------------------+----------------+


